clear
cd ~/Desktop
git clone git@github.com:halfordd/logbook.git
cd logbook/
ls
ls -a
git status
git branch
git log
git remote -v
cp ../sandbox/lines.txt .
cat lines.txt 
git status
git add lines.txt 
git commit -m "Add lines.txt locally"
git log
git status
git push origin main
git status
git push
cat lines.txt 
git status
git pull origin main
cat lines.txt 
git status
cat lines.txt 
echo "ninth line - local" >> lines.txt 
cat lines.txt 
git add lines.txt 
git commit -m "Add ninth line locally"
clear
git push
git pull
git config pull.rebase false
git pull
nano lines.txt 
git add lines.txt 
git commit -m "Resolved merge conflict"
git status
git push origin main
git status
clear
git branch
git branch bad-merge
git switch bad-merge
git branch
echo "tenth line - bad merge branch" >> lines.txt 
cat lines.txt 
git add lines.txt 
git commit -m "Add tenth line line on bad-merge"
cat lines.txt 
git switch main
cat lines.txt 
echo "tenth line - main version" >> lines.txt 
git add lines.txt 
git commit -m "Added tenth line on main"
git log --oneline --all --graph
git branch
clear
git merge bad-merge
git status
cat lines.txt 
git merge --abort
git status
cat lines.txt 
git log --oneline --all --graph
git branch -d bad-merge
git branch -D bad-merge
