clear
git config --global core.editor "nano -w"
cd Desktop/
mkdir sandbox
cd sandbox/
git init
git status
echo 'first line'                       # echo prints text to terminal screen
echo 'first line' > lines.txt           # > redirects string into a file, overwrites content
echo 'second line' >> lines.txt         # >> similar to > but it appends instead of overwrite
git add lines.txt 
git commit -m 'Add first two lines' lines.txt 
git log --oneline
cho 'third line' >> lines.txt 
git add lines.txt 
git commit -m 'Add third line' lines.txt
git log --oneline
git branch
git branch b1
git branch
git status
cat lines.txt 
echo 'thir line' >> lines.txt
